[debug] [2021-11-13T11:49:56.217Z] ----------------------------------------------------------------------
[debug] [2021-11-13T11:49:56.220Z] Command:       C:\Program Files\nodejs\node.exe C:\Users\forhad\AppData\Roaming\npm\node_modules\firebase-tools\lib\bin\firebase.js init
[debug] [2021-11-13T11:49:56.220Z] CLI Version:   9.21.0
[debug] [2021-11-13T11:49:56.220Z] Platform:      win32
[debug] [2021-11-13T11:49:56.221Z] Node Version:  v14.17.1
[debug] [2021-11-13T11:49:56.221Z] Time:          Sat Nov 13 2021 06:49:56 GMT-0500 (Eastern Standard Time)
[debug] [2021-11-13T11:49:56.221Z] ----------------------------------------------------------------------
[debug] 
[debug] [2021-11-13T11:49:56.275Z] > command requires scopes: ["email","openid","https://www.googleapis.com/auth/cloudplatformprojects.readonly","https://www.googleapis.com/auth/firebase","https://www.googleapis.com/auth/cloud-platform"]
[debug] [2021-11-13T11:49:56.275Z] > authorizing via signed-in user (okabafm@gmail.com)
[info] 
     ######## #### ########  ######## ########     ###     ######  ########
     ##        ##  ##     ## ##       ##     ##  ##   ##  ##       ##
     ######    ##  ########  ######   ########  #########  ######  ######
     ##        ##  ##    ##  ##       ##     ## ##     ##       ## ##
     ##       #### ##     ## ######## ########  ##     ##  ######  ########

You're about to initialize a Firebase project in this directory:

  D:\programmingHero\Milestone12\niche-website-client-side-forhadakbar

Before we get started, keep in mind:

  * You are initializing within an existing Firebase project directory

[info] 
=== Project Setup
[info] 
[info] First, let's associate this project directory with a Firebase project.
[info] You can create multiple project aliases by running firebase use --add, 
[info] but for now we'll just set up a default project.
[info] 
[info] i  .firebaserc already has a default project, using niche-website-forhadakbar. 
[debug] [2021-11-13T11:51:39.899Z] > refreshing access token with scopes: []
[debug] [2021-11-13T11:51:39.899Z] >>> HTTP REQUEST POST https://www.googleapis.com/oauth2/v3/token  
 <request body omitted>
[debug] [2021-11-13T11:51:40.222Z] <<< HTTP RESPONSE 200 {"date":"Sat, 13 Nov 2021 11:51:40 GMT","pragma":"no-cache","expires":"Mon, 01 Jan 1990 00:00:00 GMT","cache-control":"no-cache, no-store, max-age=0, must-revalidate","content-type":"application/json; charset=utf-8","vary":"X-Origin, Referer, Origin,Accept-Encoding","server":"scaffolding on HTTPServer2","x-xss-protection":"0","x-frame-options":"SAMEORIGIN","x-content-type-options":"nosniff","alt-svc":"clear","accept-ranges":"none","transfer-encoding":"chunked"}
[debug] [2021-11-13T11:51:40.256Z] >>> [apiv2][query] GET https://firebase.googleapis.com/v1beta1/projects/niche-website-forhadakbar [none]
[debug] [2021-11-13T11:51:40.530Z] <<< [apiv2][status] GET https://firebase.googleapis.com/v1beta1/projects/niche-website-forhadakbar 200
[debug] [2021-11-13T11:51:40.530Z] <<< [apiv2][body] GET https://firebase.googleapis.com/v1beta1/projects/niche-website-forhadakbar {"projectId":"niche-website-forhadakbar","projectNumber":"123054333218","displayName":"niche-website-forhadakbar","name":"projects/niche-website-forhadakbar","resources":{"hostingSite":"niche-website-forhadakbar"},"state":"ACTIVE"}
[info] 
=== Hosting Setup
[info] 
[info] Your public directory is the folder (relative to your project directory) that
[info] will contain Hosting assets to be uploaded with firebase deploy. If you
[info] have a build process for your assets, use your build's output directory.
[info] 
[info] +  Wrote n/404.html 
[debug] [2021-11-13T11:53:46.558Z] >>> [apiv2][query] GET https://www.gstatic.com/firebasejs/releases.json [none]
[debug] [2021-11-13T11:53:46.648Z] <<< [apiv2][status] GET https://www.gstatic.com/firebasejs/releases.json 200
[debug] [2021-11-13T11:53:46.649Z] <<< [apiv2][body] GET https://www.gstatic.com/firebasejs/releases.json {"current":{"version":"9.4.1","browserURL":"https://www.gstatic.com/firebasejs/9.4.1/firebase.js","packageURL":"https://www.gstatic.com/firebasejs/9.4.1/firebase.tgz"},"live":{"version":"9.4","browserURL":"https://www.gstatic.com/firebasejs/live/9.4/firebase.js","packageURL":"https://www.gstatic.com/firebasejs/live/9.4/firebase.tgz"},"components":{"analytics":"https://www.gstatic.com/firebasejs/9.4.1/firebase-analytics.js","app":"https://www.gstatic.com/firebasejs/9.4.1/firebase-app.js","app-check":"https://www.gstatic.com/firebasejs/9.4.1/firebase-app-check.js","auth":"https://www.gstatic.com/firebasejs/9.4.1/firebase-auth.js","auth/cordova":"https://www.gstatic.com/firebasejs/9.4.1/firebase-auth/cordova.js","auth/react-native":"https://www.gstatic.com/firebasejs/9.4.1/firebase-auth/react-native.js","functions":"https://www.gstatic.com/firebasejs/9.4.1/firebase-functions.js","firestore":"https://www.gstatic.com/firebasejs/9.4.1/firebase-firestore.js","firestore/lite":"https://www.gstatic.com/firebasejs/9.4.1/firebase-firestore/lite.js","storage":"https://www.gstatic.com/firebasejs/9.4.1/firebase-storage.js","performance":"https://www.gstatic.com/firebasejs/9.4.1/firebase-performance.js","remote-config":"https://www.gstatic.com/firebasejs/9.4.1/firebase-remote-config.js","messaging":"https://www.gstatic.com/firebasejs/9.4.1/firebase-messaging.js","messaging/sw":"https://www.gstatic.com/firebasejs/9.4.1/firebase-messaging/sw.js","database":"https://www.gstatic.com/firebasejs/9.4.1/firebase-database.js","firestore.memory":"https://www.gstatic.com/firebasejs/9.4.1/firebase-firestore.memory.js"}}
[info] +  Wrote n/index.html 
[info] 
=== Remoteconfig Setup
